<?xml version="1.0" encoding="UTF-8"?>
<testsuite name="com.ilyarudyak.java.interview.princeton.BSTTest" tests="1" skipped="0" failures="0" errors="0" timestamp="2016-05-02T16:24:49" hostname="Ilyas-MacBook-Pro.local" time="0.017">
  <properties/>
  <testcase name="testRank" classname="com.ilyarudyak.java.interview.princeton.BSTTest" time="0.017"/>
  <system-out><![CDATA[]]></system-out>
  <system-err><![CDATA[]]></system-err>
</testsuite>
